<?xml version="1.0" encoding="UTF-8"?>
<!-- Generated by org.testng.reporters.JUnitXMLReporter -->
<testsuite hostname="DESKTOP-H1VOJMG" ignored="0" name="Default test" tests="3" failures="0" timestamp="2021-05-25T10:48:58 IST" time="8.623" errors="0">
  <testcase name="addBook" time="7.582" classname="automationDemo.DynamicJson"/>
  <testcase name="addBook" time="0.479" classname="automationDemo.DynamicJson"/>
  <testcase name="addBook" time="0.472" classname="automationDemo.DynamicJson"/>
</testsuite> <!-- Default test -->
