<?xml version="1.0" encoding="UTF-8"?>
<testng-results skipped="0" failed="0" ignored="0" total="3" passed="3">
  <reporter-output>
  </reporter-output>
  <suite name="Default suite" duration-ms="8623" started-at="2021-05-25T10:48:49 IST" finished-at="2021-05-25T10:48:58 IST">
    <groups>
    </groups>
    <test name="Default test" duration-ms="8623" started-at="2021-05-25T10:48:49 IST" finished-at="2021-05-25T10:48:58 IST">
      <class name="automationDemo.DynamicJson">
        <test-method status="PASS" signature="addBook(java.lang.String,java.lang.String)[pri:0, instance:automationDemo.DynamicJson@42d8062c]" name="addBook" duration-ms="7582" started-at="2021-05-25T10:48:49 IST" data-provider="BooksData" finished-at="2021-05-25T10:48:57 IST">
          <params>
            <param index="0">
              <value>
                <![CDATA[AFAF]]>
              </value>
            </param>
            <param index="1">
              <value>
                <![CDATA[14464]]>
              </value>
            </param>
          </params>
          <reporter-output>
          </reporter-output>
        </test-method> <!-- addBook -->
        <test-method status="PASS" signature="addBook(java.lang.String,java.lang.String)[pri:0, instance:automationDemo.DynamicJson@42d8062c]" name="addBook" duration-ms="479" started-at="2021-05-25T10:48:57 IST" data-provider="BooksData" finished-at="2021-05-25T10:48:57 IST">
          <params>
            <param index="0">
              <value>
                <![CDATA[AFASE]]>
              </value>
            </param>
            <param index="1">
              <value>
                <![CDATA[46461]]>
              </value>
            </param>
          </params>
          <reporter-output>
          </reporter-output>
        </test-method> <!-- addBook -->
        <test-method status="PASS" signature="addBook(java.lang.String,java.lang.String)[pri:0, instance:automationDemo.DynamicJson@42d8062c]" name="addBook" duration-ms="472" started-at="2021-05-25T10:48:57 IST" data-provider="BooksData" finished-at="2021-05-25T10:48:58 IST">
          <params>
            <param index="0">
              <value>
                <![CDATA[ASFSDTG]]>
              </value>
            </param>
            <param index="1">
              <value>
                <![CDATA[46464]]>
              </value>
            </param>
          </params>
          <reporter-output>
          </reporter-output>
        </test-method> <!-- addBook -->
      </class> <!-- automationDemo.DynamicJson -->
    </test> <!-- Default test -->
  </suite> <!-- Default suite -->
</testng-results>
